<?xml version="1.0" encoding="UTF-8"?>
<testng-results skipped="0" failed="1" ignored="0" total="2" passed="1">
  <reporter-output>
  </reporter-output>
  <suite name="Default suite" duration-ms="38887" started-at="2020-06-19T10:45:56Z" finished-at="2020-06-19T10:46:35Z">
    <groups>
    </groups>
    <test name="Default test" duration-ms="38887" started-at="2020-06-19T10:45:56Z" finished-at="2020-06-19T10:46:35Z">
      <class name="javaproject.newTaskWithJson">
        <test-method status="PASS" signature="setUp()[pri:0, instance:javaproject.newTaskWithJson@754ba872]" name="setUp" is-config="true" duration-ms="2473" started-at="2020-06-19T10:45:56Z" finished-at="2020-06-19T10:45:59Z">
          <reporter-output>
          </reporter-output>
        </test-method> <!-- setUp -->
        <test-method status="PASS" signature="login(java.lang.String, java.lang.String, java.lang.String, java.lang.String, java.lang.String, java.lang.String, java.lang.String)[pri:0, instance:javaproject.newTaskWithJson@754ba872]" name="login" duration-ms="29156" started-at="2020-06-19T10:45:59Z" data-provider="NewTask" finished-at="2020-06-19T10:46:28Z">
          <params>
            <param index="0">
              <value>
                <![CDATA[sain_ramesh@yahoo.com]]>
              </value>
            </param>
            <param index="1">
              <value>
                <![CDATA[Noida@2020]]>
              </value>
            </param>
            <param index="2">
              <value>
                <![CDATA[JsonSub]]>
              </value>
            </param>
            <param index="3">
              <value>
                <![CDATA[newTask]]>
              </value>
            </param>
            <param index="4">
              <value>
                <![CDATA[newQueue]]>
              </value>
            </param>
            <param index="5">
              <value>
                <![CDATA[June 2021]]>
              </value>
            </param>
            <param index="6">
              <value>
                <![CDATA[25]]>
              </value>
            </param>
          </params>
          <reporter-output>
          </reporter-output>
        </test-method> <!-- login -->
        <test-method status="FAIL" signature="login(java.lang.String, java.lang.String, java.lang.String, java.lang.String, java.lang.String, java.lang.String, java.lang.String)[pri:0, instance:javaproject.newTaskWithJson@754ba872]" name="login" duration-ms="7077" started-at="2020-06-19T10:46:28Z" data-provider="NewTask" finished-at="2020-06-19T10:46:35Z">
          <params>
            <param index="0">
              <value is-null="true"/>
            </param>
            <param index="1">
              <value is-null="true"/>
            </param>
            <param index="2">
              <value is-null="true"/>
            </param>
            <param index="3">
              <value is-null="true"/>
            </param>
            <param index="4">
              <value is-null="true"/>
            </param>
            <param index="5">
              <value is-null="true"/>
            </param>
            <param index="6">
              <value is-null="true"/>
            </param>
          </params>
          <exception class="java.lang.IllegalArgumentException">
            <message>
              <![CDATA[Keys to send should be a not null CharSequence]]>
            </message>
            <full-stacktrace>
              <![CDATA[java.lang.IllegalArgumentException: Keys to send should be a not null CharSequence
at org.openqa.selenium.remote.RemoteWebElement.sendKeys(RemoteWebElement.java:97)
at javaproject.newTaskWithJson.login(newTaskWithJson.java:52)
at sun.reflect.NativeMethodAccessorImpl.invoke0(Native Method)
at sun.reflect.NativeMethodAccessorImpl.invoke(NativeMethodAccessorImpl.java:62)
at sun.reflect.DelegatingMethodAccessorImpl.invoke(DelegatingMethodAccessorImpl.java:43)
at java.lang.reflect.Method.invoke(Method.java:498)
at org.testng.internal.MethodInvocationHelper.invokeMethod(MethodInvocationHelper.java:124)
at org.testng.internal.Invoker.invokeMethod(Invoker.java:580)
at org.testng.internal.Invoker.invokeTestMethod(Invoker.java:716)
at org.testng.internal.Invoker.invokeTestMethods(Invoker.java:988)
at org.testng.internal.TestMethodWorker.invokeTestMethods(TestMethodWorker.java:125)
at org.testng.internal.TestMethodWorker.run(TestMethodWorker.java:109)
at org.testng.TestRunner.privateRun(TestRunner.java:648)
at org.testng.TestRunner.run(TestRunner.java:505)
at org.testng.SuiteRunner.runTest(SuiteRunner.java:455)
at org.testng.SuiteRunner.runSequentially(SuiteRunner.java:450)
at org.testng.SuiteRunner.privateRun(SuiteRunner.java:415)
at org.testng.SuiteRunner.run(SuiteRunner.java:364)
at org.testng.SuiteRunnerWorker.runSuite(SuiteRunnerWorker.java:52)
at org.testng.SuiteRunnerWorker.run(SuiteRunnerWorker.java:84)
at org.testng.TestNG.runSuitesSequentially(TestNG.java:1208)
at org.testng.TestNG.runSuitesLocally(TestNG.java:1137)
at org.testng.TestNG.runSuites(TestNG.java:1049)
at org.testng.TestNG.run(TestNG.java:1017)
at org.testng.remote.AbstractRemoteTestNG.run(AbstractRemoteTestNG.java:114)
at org.testng.remote.RemoteTestNG.initAndRun(RemoteTestNG.java:251)
at org.testng.remote.RemoteTestNG.main(RemoteTestNG.java:77)
]]>
            </full-stacktrace>
          </exception> <!-- java.lang.IllegalArgumentException -->
          <reporter-output>
          </reporter-output>
        </test-method> <!-- login -->
        <test-method status="PASS" signature="tearDown()[pri:0, instance:javaproject.newTaskWithJson@754ba872]" name="tearDown" is-config="true" duration-ms="110" started-at="2020-06-19T10:46:35Z" finished-at="2020-06-19T10:46:35Z">
          <reporter-output>
          </reporter-output>
        </test-method> <!-- tearDown -->
      </class> <!-- javaproject.newTaskWithJson -->
    </test> <!-- Default test -->
  </suite> <!-- Default suite -->
</testng-results>
